<?xml version="1.0" encoding="UTF-8"?><testrun name="BowlingGameTest" project="BowlingGame" tests="15" started="15" failures="0" errors="1" ignored="0">
  <testsuite name="BowlingGameTest" time="0.0">
    <testcase name="testOpenScore" classname="BowlingGameTest" time="0.0"/>
    <testcase name="testSpareLastStrike" classname="BowlingGameTest" time="0.0"/>
    <testcase name="testSpare" classname="BowlingGameTest" time="0.0"/>
    <testcase name="testOpen" classname="BowlingGameTest" time="0.0"/>
    <testcase name="testStrikeSpare" classname="BowlingGameTest" time="0.0"/>
    <testcase name="testMultipleSpareLast" classname="BowlingGameTest" time="0.0"/>
    <testcase name="testMultipleStrike" classname="BowlingGameTest" time="0.0"/>
    <testcase name="testSpareLast" classname="BowlingGameTest" time="0.0"/>
    <testcase name="testSpareOpen" classname="BowlingGameTest" time="0.0"/>
    <testcase name="testAllStrike" classname="BowlingGameTest" time="0.0"/>
    <testcase name="testMultipleSpare" classname="BowlingGameTest" time="0.0"/>
    <testcase name="testStrike" classname="BowlingGameTest" time="0.0"/>
    <testcase name="testStrikeLast" classname="BowlingGameTest" time="0.0">
      <error>java.lang.ArrayIndexOutOfBoundsException: 11
	at BowlingGame.getScore(BowlingGame.java:45)
	at BowlingGameTest.testStrikeLast(BowlingGameTest.java:73)
	at sun.reflect.NativeMethodAccessorImpl.invoke0(Native Method)
	at sun.reflect.NativeMethodAccessorImpl.invoke(NativeMethodAccessorImpl.java:62)
	at sun.reflect.DelegatingMethodAccessorImpl.invoke(DelegatingMethodAccessorImpl.java:43)
	at java.lang.reflect.Method.invoke(Method.java:498)
	at junit.framework.TestCase.runTest(TestCase.java:176)
	at junit.framework.TestCase.runBare(TestCase.java:141)
	at junit.framework.TestResult$1.protect(TestResult.java:122)
	at junit.framework.TestResult.runProtected(TestResult.java:142)
	at junit.framework.TestResult.run(TestResult.java:125)
	at junit.framework.TestCase.run(TestCase.java:129)
	at junit.framework.TestSuite.runTest(TestSuite.java:252)
	at junit.framework.TestSuite.run(TestSuite.java:247)
	at org.junit.internal.runners.JUnit38ClassRunner.run(JUnit38ClassRunner.java:86)
	at org.eclipse.jdt.internal.junit4.runner.JUnit4TestReference.run(JUnit4TestReference.java:86)
	at org.eclipse.jdt.internal.junit.runner.TestExecution.run(TestExecution.java:38)
	at org.eclipse.jdt.internal.junit.runner.RemoteTestRunner.runTests(RemoteTestRunner.java:459)
	at org.eclipse.jdt.internal.junit.runner.RemoteTestRunner.runTests(RemoteTestRunner.java:678)
	at org.eclipse.jdt.internal.junit.runner.RemoteTestRunner.run(RemoteTestRunner.java:382)
	at org.eclipse.jdt.internal.junit.runner.RemoteTestRunner.main(RemoteTestRunner.java:192)

</error>
    </testcase>
    <testcase name="testStrikeOpen" classname="BowlingGameTest" time="0.0"/>
    <testcase name="testSpareStrike" classname="BowlingGameTest" time="0.0"/>
  </testsuite>
</testrun>
