<?xml version="1.0" encoding="UTF-8"?><testrun name="BowlingGameTest" project="BowlingGame" tests="86" started="86" failures="5" errors="0" ignored="0">
  <testsuite name="BowlingGameTest" time="0.03">
    <testcase name="testOpenScore" classname="BowlingGameTest" time="0.0"/>
    <testcase name="testSpareLastStrike" classname="BowlingGameTest" time="0.0"/>
    <testcase name="test111" classname="BowlingGameTest" time="0.0"/>
    <testcase name="test222" classname="BowlingGameTest" time="0.0"/>
    <testcase name="test333" classname="BowlingGameTest" time="0.0"/>
    <testcase name="test444" classname="BowlingGameTest" time="0.0"/>
    <testcase name="test555" classname="BowlingGameTest" time="0.0"/>
    <testcase name="test666" classname="BowlingGameTest" time="0.0"/>
    <testcase name="test777" classname="BowlingGameTest" time="0.0"/>
    <testcase name="testSpare" classname="BowlingGameTest" time="0.001"/>
    <testcase name="testOpen" classname="BowlingGameTest" time="0.0"/>
    <testcase name="test10" classname="BowlingGameTest" time="0.0"/>
    <testcase name="test11" classname="BowlingGameTest" time="0.001"/>
    <testcase name="test12" classname="BowlingGameTest" time="0.0"/>
    <testcase name="test13" classname="BowlingGameTest" time="0.0"/>
    <testcase name="test14" classname="BowlingGameTest" time="0.001"/>
    <testcase name="test15" classname="BowlingGameTest" time="0.0"/>
    <testcase name="test16" classname="BowlingGameTest" time="0.0"/>
    <testcase name="test17" classname="BowlingGameTest" time="0.0"/>
    <testcase name="test18" classname="BowlingGameTest" time="0.001"/>
    <testcase name="test19" classname="BowlingGameTest" time="0.0"/>
    <testcase name="test20" classname="BowlingGameTest" time="0.0"/>
    <testcase name="test21" classname="BowlingGameTest" time="0.001"/>
    <testcase name="test22" classname="BowlingGameTest" time="0.0"/>
    <testcase name="test23" classname="BowlingGameTest" time="0.0"/>
    <testcase name="test24" classname="BowlingGameTest" time="0.001"/>
    <testcase name="test25" classname="BowlingGameTest" time="0.0"/>
    <testcase name="test26" classname="BowlingGameTest" time="0.0"/>
    <testcase name="test27" classname="BowlingGameTest" time="0.0"/>
    <testcase name="test28" classname="BowlingGameTest" time="0.001"/>
    <testcase name="test29" classname="BowlingGameTest" time="0.0"/>
    <testcase name="test30" classname="BowlingGameTest" time="0.001"/>
    <testcase name="test31" classname="BowlingGameTest" time="0.0"/>
    <testcase name="test32" classname="BowlingGameTest" time="0.0"/>
    <testcase name="test33" classname="BowlingGameTest" time="0.001"/>
    <testcase name="test34" classname="BowlingGameTest" time="0.0"/>
    <testcase name="test35" classname="BowlingGameTest" time="0.0"/>
    <testcase name="test36" classname="BowlingGameTest" time="0.0"/>
    <testcase name="test37" classname="BowlingGameTest" time="0.001"/>
    <testcase name="test38" classname="BowlingGameTest" time="0.0"/>
    <testcase name="test39" classname="BowlingGameTest" time="0.0"/>
    <testcase name="test40" classname="BowlingGameTest" time="0.001"/>
    <testcase name="test41" classname="BowlingGameTest" time="0.003">
      <failure>junit.framework.AssertionFailedError: expected:&lt;270&gt; but was:&lt;10&gt;
	at junit.framework.Assert.fail(Assert.java:57)
	at junit.framework.Assert.failNotEquals(Assert.java:329)
	at junit.framework.Assert.assertEquals(Assert.java:78)
	at junit.framework.Assert.assertEquals(Assert.java:234)
	at junit.framework.Assert.assertEquals(Assert.java:241)
	at junit.framework.TestCase.assertEquals(TestCase.java:409)
	at BowlingGameTest.test41(BowlingGameTest.java:180)
	at sun.reflect.NativeMethodAccessorImpl.invoke0(Native Method)
	at sun.reflect.NativeMethodAccessorImpl.invoke(NativeMethodAccessorImpl.java:62)
	at sun.reflect.DelegatingMethodAccessorImpl.invoke(DelegatingMethodAccessorImpl.java:43)
	at java.lang.reflect.Method.invoke(Method.java:498)
	at junit.framework.TestCase.runTest(TestCase.java:176)
	at junit.framework.TestCase.runBare(TestCase.java:141)
	at junit.framework.TestResult$1.protect(TestResult.java:122)
	at junit.framework.TestResult.runProtected(TestResult.java:142)
	at junit.framework.TestResult.run(TestResult.java:125)
	at junit.framework.TestCase.run(TestCase.java:129)
	at junit.framework.TestSuite.runTest(TestSuite.java:252)
	at junit.framework.TestSuite.run(TestSuite.java:247)
	at org.junit.internal.runners.JUnit38ClassRunner.run(JUnit38ClassRunner.java:86)
	at org.eclipse.jdt.internal.junit4.runner.JUnit4TestReference.run(JUnit4TestReference.java:86)
	at org.eclipse.jdt.internal.junit.runner.TestExecution.run(TestExecution.java:38)
	at org.eclipse.jdt.internal.junit.runner.RemoteTestRunner.runTests(RemoteTestRunner.java:459)
	at org.eclipse.jdt.internal.junit.runner.RemoteTestRunner.runTests(RemoteTestRunner.java:678)
	at org.eclipse.jdt.internal.junit.runner.RemoteTestRunner.run(RemoteTestRunner.java:382)
	at org.eclipse.jdt.internal.junit.runner.RemoteTestRunner.main(RemoteTestRunner.java:192)

</failure>
    </testcase>
    <testcase name="test42" classname="BowlingGameTest" time="0.0"/>
    <testcase name="test43" classname="BowlingGameTest" time="0.0"/>
    <testcase name="test44" classname="BowlingGameTest" time="0.001"/>
    <testcase name="test45" classname="BowlingGameTest" time="0.001">
      <failure>junit.framework.AssertionFailedError: expected:&lt;95&gt; but was:&lt;125&gt;
	at junit.framework.Assert.fail(Assert.java:57)
	at junit.framework.Assert.failNotEquals(Assert.java:329)
	at junit.framework.Assert.assertEquals(Assert.java:78)
	at junit.framework.Assert.assertEquals(Assert.java:234)
	at junit.framework.Assert.assertEquals(Assert.java:241)
	at junit.framework.TestCase.assertEquals(TestCase.java:409)
	at BowlingGameTest.test45(BowlingGameTest.java:184)
	at sun.reflect.NativeMethodAccessorImpl.invoke0(Native Method)
	at sun.reflect.NativeMethodAccessorImpl.invoke(NativeMethodAccessorImpl.java:62)
	at sun.reflect.DelegatingMethodAccessorImpl.invoke(DelegatingMethodAccessorImpl.java:43)
	at java.lang.reflect.Method.invoke(Method.java:498)
	at junit.framework.TestCase.runTest(TestCase.java:176)
	at junit.framework.TestCase.runBare(TestCase.java:141)
	at junit.framework.TestResult$1.protect(TestResult.java:122)
	at junit.framework.TestResult.runProtected(TestResult.java:142)
	at junit.framework.TestResult.run(TestResult.java:125)
	at junit.framework.TestCase.run(TestCase.java:129)
	at junit.framework.TestSuite.runTest(TestSuite.java:252)
	at junit.framework.TestSuite.run(TestSuite.java:247)
	at org.junit.internal.runners.JUnit38ClassRunner.run(JUnit38ClassRunner.java:86)
	at org.eclipse.jdt.internal.junit4.runner.JUnit4TestReference.run(JUnit4TestReference.java:86)
	at org.eclipse.jdt.internal.junit.runner.TestExecution.run(TestExecution.java:38)
	at org.eclipse.jdt.internal.junit.runner.RemoteTestRunner.runTests(RemoteTestRunner.java:459)
	at org.eclipse.jdt.internal.junit.runner.RemoteTestRunner.runTests(RemoteTestRunner.java:678)
	at org.eclipse.jdt.internal.junit.runner.RemoteTestRunner.run(RemoteTestRunner.java:382)
	at org.eclipse.jdt.internal.junit.runner.RemoteTestRunner.main(RemoteTestRunner.java:192)

</failure>
    </testcase>
    <testcase name="test46" classname="BowlingGameTest" time="0.001">
      <failure>junit.framework.AssertionFailedError: expected:&lt;95&gt; but was:&lt;92&gt;
	at junit.framework.Assert.fail(Assert.java:57)
	at junit.framework.Assert.failNotEquals(Assert.java:329)
	at junit.framework.Assert.assertEquals(Assert.java:78)
	at junit.framework.Assert.assertEquals(Assert.java:234)
	at junit.framework.Assert.assertEquals(Assert.java:241)
	at junit.framework.TestCase.assertEquals(TestCase.java:409)
	at BowlingGameTest.test46(BowlingGameTest.java:185)
	at sun.reflect.NativeMethodAccessorImpl.invoke0(Native Method)
	at sun.reflect.NativeMethodAccessorImpl.invoke(NativeMethodAccessorImpl.java:62)
	at sun.reflect.DelegatingMethodAccessorImpl.invoke(DelegatingMethodAccessorImpl.java:43)
	at java.lang.reflect.Method.invoke(Method.java:498)
	at junit.framework.TestCase.runTest(TestCase.java:176)
	at junit.framework.TestCase.runBare(TestCase.java:141)
	at junit.framework.TestResult$1.protect(TestResult.java:122)
	at junit.framework.TestResult.runProtected(TestResult.java:142)
	at junit.framework.TestResult.run(TestResult.java:125)
	at junit.framework.TestCase.run(TestCase.java:129)
	at junit.framework.TestSuite.runTest(TestSuite.java:252)
	at junit.framework.TestSuite.run(TestSuite.java:247)
	at org.junit.internal.runners.JUnit38ClassRunner.run(JUnit38ClassRunner.java:86)
	at org.eclipse.jdt.internal.junit4.runner.JUnit4TestReference.run(JUnit4TestReference.java:86)
	at org.eclipse.jdt.internal.junit.runner.TestExecution.run(TestExecution.java:38)
	at org.eclipse.jdt.internal.junit.runner.RemoteTestRunner.runTests(RemoteTestRunner.java:459)
	at org.eclipse.jdt.internal.junit.runner.RemoteTestRunner.runTests(RemoteTestRunner.java:678)
	at org.eclipse.jdt.internal.junit.runner.RemoteTestRunner.run(RemoteTestRunner.java:382)
	at org.eclipse.jdt.internal.junit.runner.RemoteTestRunner.main(RemoteTestRunner.java:192)

</failure>
    </testcase>
    <testcase name="test47" classname="BowlingGameTest" time="0.0"/>
    <testcase name="test48" classname="BowlingGameTest" time="0.0"/>
    <testcase name="test49" classname="BowlingGameTest" time="0.0"/>
    <testcase name="test50" classname="BowlingGameTest" time="0.0"/>
    <testcase name="test51" classname="BowlingGameTest" time="0.0"/>
    <testcase name="test52" classname="BowlingGameTest" time="0.001">
      <failure>junit.framework.AssertionFailedError: expected:&lt;-1&gt; but was:&lt;84&gt;
	at junit.framework.Assert.fail(Assert.java:57)
	at junit.framework.Assert.failNotEquals(Assert.java:329)
	at junit.framework.Assert.assertEquals(Assert.java:78)
	at junit.framework.Assert.assertEquals(Assert.java:234)
	at junit.framework.Assert.assertEquals(Assert.java:241)
	at junit.framework.TestCase.assertEquals(TestCase.java:409)
	at BowlingGameTest.test52(BowlingGameTest.java:191)
	at sun.reflect.NativeMethodAccessorImpl.invoke0(Native Method)
	at sun.reflect.NativeMethodAccessorImpl.invoke(NativeMethodAccessorImpl.java:62)
	at sun.reflect.DelegatingMethodAccessorImpl.invoke(DelegatingMethodAccessorImpl.java:43)
	at java.lang.reflect.Method.invoke(Method.java:498)
	at junit.framework.TestCase.runTest(TestCase.java:176)
	at junit.framework.TestCase.runBare(TestCase.java:141)
	at junit.framework.TestResult$1.protect(TestResult.java:122)
	at junit.framework.TestResult.runProtected(TestResult.java:142)
	at junit.framework.TestResult.run(TestResult.java:125)
	at junit.framework.TestCase.run(TestCase.java:129)
	at junit.framework.TestSuite.runTest(TestSuite.java:252)
	at junit.framework.TestSuite.run(TestSuite.java:247)
	at org.junit.internal.runners.JUnit38ClassRunner.run(JUnit38ClassRunner.java:86)
	at org.eclipse.jdt.internal.junit4.runner.JUnit4TestReference.run(JUnit4TestReference.java:86)
	at org.eclipse.jdt.internal.junit.runner.TestExecution.run(TestExecution.java:38)
	at org.eclipse.jdt.internal.junit.runner.RemoteTestRunner.runTests(RemoteTestRunner.java:459)
	at org.eclipse.jdt.internal.junit.runner.RemoteTestRunner.runTests(RemoteTestRunner.java:678)
	at org.eclipse.jdt.internal.junit.runner.RemoteTestRunner.run(RemoteTestRunner.java:382)
	at org.eclipse.jdt.internal.junit.runner.RemoteTestRunner.main(RemoteTestRunner.java:192)

</failure>
    </testcase>
    <testcase name="test53" classname="BowlingGameTest" time="0.0"/>
    <testcase name="test54" classname="BowlingGameTest" time="0.001">
      <failure>junit.framework.AssertionFailedError: expected:&lt;-1&gt; but was:&lt;68&gt;
	at junit.framework.Assert.fail(Assert.java:57)
	at junit.framework.Assert.failNotEquals(Assert.java:329)
	at junit.framework.Assert.assertEquals(Assert.java:78)
	at junit.framework.Assert.assertEquals(Assert.java:234)
	at junit.framework.Assert.assertEquals(Assert.java:241)
	at junit.framework.TestCase.assertEquals(TestCase.java:409)
	at BowlingGameTest.test54(BowlingGameTest.java:193)
	at sun.reflect.NativeMethodAccessorImpl.invoke0(Native Method)
	at sun.reflect.NativeMethodAccessorImpl.invoke(NativeMethodAccessorImpl.java:62)
	at sun.reflect.DelegatingMethodAccessorImpl.invoke(DelegatingMethodAccessorImpl.java:43)
	at java.lang.reflect.Method.invoke(Method.java:498)
	at junit.framework.TestCase.runTest(TestCase.java:176)
	at junit.framework.TestCase.runBare(TestCase.java:141)
	at junit.framework.TestResult$1.protect(TestResult.java:122)
	at junit.framework.TestResult.runProtected(TestResult.java:142)
	at junit.framework.TestResult.run(TestResult.java:125)
	at junit.framework.TestCase.run(TestCase.java:129)
	at junit.framework.TestSuite.runTest(TestSuite.java:252)
	at junit.framework.TestSuite.run(TestSuite.java:247)
	at org.junit.internal.runners.JUnit38ClassRunner.run(JUnit38ClassRunner.java:86)
	at org.eclipse.jdt.internal.junit4.runner.JUnit4TestReference.run(JUnit4TestReference.java:86)
	at org.eclipse.jdt.internal.junit.runner.TestExecution.run(TestExecution.java:38)
	at org.eclipse.jdt.internal.junit.runner.RemoteTestRunner.runTests(RemoteTestRunner.java:459)
	at org.eclipse.jdt.internal.junit.runner.RemoteTestRunner.runTests(RemoteTestRunner.java:678)
	at org.eclipse.jdt.internal.junit.runner.RemoteTestRunner.run(RemoteTestRunner.java:382)
	at org.eclipse.jdt.internal.junit.runner.RemoteTestRunner.main(RemoteTestRunner.java:192)

</failure>
    </testcase>
    <testcase name="test55" classname="BowlingGameTest" time="0.0"/>
    <testcase name="test56" classname="BowlingGameTest" time="0.001"/>
    <testcase name="test57" classname="BowlingGameTest" time="0.0"/>
    <testcase name="test58" classname="BowlingGameTest" time="0.0"/>
    <testcase name="test59" classname="BowlingGameTest" time="0.0"/>
    <testcase name="test60" classname="BowlingGameTest" time="0.001"/>
    <testcase name="test61" classname="BowlingGameTest" time="0.0"/>
    <testcase name="test62" classname="BowlingGameTest" time="0.0"/>
    <testcase name="testStrikeSpare" classname="BowlingGameTest" time="0.0"/>
    <testcase name="testMultipleSpareLast" classname="BowlingGameTest" time="0.001"/>
    <testcase name="testMultipleStrike" classname="BowlingGameTest" time="0.0"/>
    <testcase name="test1" classname="BowlingGameTest" time="0.0"/>
    <testcase name="test2" classname="BowlingGameTest" time="0.0"/>
    <testcase name="test3" classname="BowlingGameTest" time="0.001"/>
    <testcase name="test4" classname="BowlingGameTest" time="0.0"/>
    <testcase name="test5" classname="BowlingGameTest" time="0.0"/>
    <testcase name="test6" classname="BowlingGameTest" time="0.0"/>
    <testcase name="test7" classname="BowlingGameTest" time="0.001"/>
    <testcase name="test8" classname="BowlingGameTest" time="0.0"/>
    <testcase name="test9" classname="BowlingGameTest" time="0.0"/>
    <testcase name="testSpareLast" classname="BowlingGameTest" time="0.0"/>
    <testcase name="testSpareOpen" classname="BowlingGameTest" time="0.001"/>
    <testcase name="testAllStrike" classname="BowlingGameTest" time="0.0"/>
    <testcase name="testStrikeLastStrike" classname="BowlingGameTest" time="0.001"/>
    <testcase name="testMultipleStrikeLast" classname="BowlingGameTest" time="0.0"/>
    <testcase name="testMultipleSpare" classname="BowlingGameTest" time="0.001"/>
    <testcase name="testStrike" classname="BowlingGameTest" time="0.0"/>
    <testcase name="testStrikeLast" classname="BowlingGameTest" time="0.0"/>
    <testcase name="testStrikeOpen" classname="BowlingGameTest" time="0.0"/>
    <testcase name="testSpareStrike" classname="BowlingGameTest" time="0.001"/>
  </testsuite>
</testrun>
