<?xml version="1.0" encoding="UTF-8" ?>
<testsuites>
  <testsuite errors="0" failures="0" hostname="Djordjes-MacBook-Pro.local" id="0" name="BowlingGameTest" package="" skipped="0" tests="17" time="5.075" timestamp="2017-11-29T17:14:35">
      <properties>
[...]
</properties>

      <testcase classname="BowlingGameTest" name="testOpenScore" time="0.004" />

      <testcase classname="BowlingGameTest" name="testSpareLastStrike" time="0.001" />

      <testcase classname="BowlingGameTest" name="testSpare" time="0.0" />

      <testcase classname="BowlingGameTest" name="testOpen" time="0.0" />

      <testcase classname="BowlingGameTest" name="testStrikeSpare" time="0.001" />

      <testcase classname="BowlingGameTest" name="testMultipleSpareLast" time="0.0" />

      <testcase classname="BowlingGameTest" name="testMultipleStrike" time="0.0" />

      <testcase classname="BowlingGameTest" name="testSpareLast" time="0.001" />

      <testcase classname="BowlingGameTest" name="testSpareOpen" time="0.0" />

      <testcase classname="BowlingGameTest" name="testAllStrike" time="0.001" />

      <testcase classname="BowlingGameTest" name="testStrikeLastStrike" time="0.001" />

      <testcase classname="BowlingGameTest" name="testMultipleStrikeLast" time="0.0" />

      <testcase classname="BowlingGameTest" name="testMultipleSpare" time="0.0" />

      <testcase classname="BowlingGameTest" name="testStrike" time="0.0" />

      <testcase classname="BowlingGameTest" name="testStrikeLast" time="0.0" />

      <testcase classname="BowlingGameTest" name="testStrikeOpen" time="0.001" />

      <testcase classname="BowlingGameTest" name="testSpareStrike" time="0.0" />

      <system-out><![CDATA[]]></system-out>

      <system-err><![CDATA[]]></system-err>

  </testsuite>
</testsuites>
